time="2025-03-18T18:24:02-03:00" level=info msg="Logger inicializado con salida múltiple"
time="2025-03-18T18:24:02-03:00" level=info msg="Iniciando servidor."
time="2025-03-18T18:24:02-03:00" level=info msg="Iniciando conexión a la base de datos."
time="2025-03-18T18:24:02-03:00" level=info msg="Intentando conectar a la base de datos (Intento 1/5)..."
time="2025-03-18T18:24:02-03:00" level=info msg="Conexión a la base de datos establecida correctamente."
time="2025-03-18T18:24:02-03:00" level=info msg="Servidor iniciado en el puerto 8080."
time="2025-03-18T18:24:11-03:00" level=info msg="Sesión creada exitosamente: ID 1, Código 855EJA"
time="2025-03-18T18:25:49-03:00" level=info msg="Usuario prueba agregado a la sesión 855EJA con ID 2"
time="2025-03-18T18:26:09-03:00" level=info msg="Usuario prueba1 agregado a la sesión 855EJA con ID 3"
time="2025-03-18T18:26:15-03:00" level=info msg="Usuario prueba2 agregado a la sesión 855EJA con ID 4"
time="2025-03-18T18:26:18-03:00" level=info msg="Usuario prueba3 agregado a la sesión 855EJA con ID 5"
time="2025-03-18T18:32:56-03:00" level=info msg="Logger inicializado con salida múltiple"
time="2025-03-18T18:32:56-03:00" level=info msg="Iniciando servidor."
time="2025-03-18T18:32:56-03:00" level=info msg="Iniciando conexión a la base de datos."
time="2025-03-18T18:32:56-03:00" level=info msg="Intentando conectar a la base de datos (Intento 1/5)..."
time="2025-03-18T18:32:56-03:00" level=info msg="Conexión a la base de datos establecida correctamente."
time="2025-03-18T18:32:56-03:00" level=info msg="Servidor iniciado en el puerto 8080."
time="2025-03-18T18:33:54-03:00" level=info msg="Logger inicializado con salida múltiple"
time="2025-03-18T18:33:54-03:00" level=info msg="Iniciando servidor."
time="2025-03-18T18:33:54-03:00" level=info msg="Iniciando conexión a la base de datos."
time="2025-03-18T18:33:54-03:00" level=info msg="Intentando conectar a la base de datos (Intento 1/5)..."
time="2025-03-18T18:33:54-03:00" level=info msg="Conexión a la base de datos establecida correctamente."
time="2025-03-18T18:33:54-03:00" level=info msg="Servidor iniciado en el puerto 8080."
time="2025-03-18T18:34:27-03:00" level=info msg="Logger inicializado con salida múltiple"
time="2025-03-18T18:34:27-03:00" level=info msg="Iniciando servidor."
time="2025-03-18T18:34:27-03:00" level=info msg="Iniciando conexión a la base de datos."
time="2025-03-18T18:34:27-03:00" level=info msg="Intentando conectar a la base de datos (Intento 1/5)..."
time="2025-03-18T18:34:27-03:00" level=info msg="Conexión a la base de datos establecida correctamente."
time="2025-03-18T18:34:27-03:00" level=info msg="Servidor iniciado en el puerto 8080."
time="2025-03-18T18:34:39-03:00" level=info msg="Logger inicializado con salida múltiple"
time="2025-03-18T18:34:39-03:00" level=info msg="Iniciando servidor."
time="2025-03-18T18:34:39-03:00" level=info msg="Iniciando conexión a la base de datos."
time="2025-03-18T18:34:39-03:00" level=info msg="Intentando conectar a la base de datos (Intento 1/5)..."
time="2025-03-18T18:34:39-03:00" level=info msg="Conexión a la base de datos establecida correctamente."
time="2025-03-18T18:34:39-03:00" level=info msg="Servidor iniciado en el puerto 8080."
time="2025-03-18T18:34:47-03:00" level=info msg="Logger inicializado con salida múltiple"
time="2025-03-18T18:34:47-03:00" level=info msg="Iniciando servidor."
time="2025-03-18T18:34:47-03:00" level=info msg="Iniciando conexión a la base de datos."
time="2025-03-18T18:34:47-03:00" level=info msg="Intentando conectar a la base de datos (Intento 1/5)..."
time="2025-03-18T18:34:47-03:00" level=info msg="Conexión a la base de datos establecida correctamente."
time="2025-03-18T18:34:47-03:00" level=info msg="Servidor iniciado en el puerto 8080."
time="2025-03-18T18:46:47-03:00" level=info msg="Logger inicializado con salida múltiple"
time="2025-03-18T18:46:47-03:00" level=info msg="Iniciando servidor."
time="2025-03-18T18:46:47-03:00" level=info msg="Iniciando conexión a la base de datos."
time="2025-03-18T18:46:47-03:00" level=info msg="Intentando conectar a la base de datos (Intento 1/5)..."
time="2025-03-18T18:46:47-03:00" level=info msg="Conexión a la base de datos establecida correctamente."
time="2025-03-18T18:46:47-03:00" level=info msg="Servidor iniciado en el puerto 8080."
time="2025-03-18T18:49:55-03:00" level=info msg="Usuario 1 salió de la sesión 855EJA"
time="2025-03-18T18:50:32-03:00" level=info msg="Sesión creada exitosamente: ID 2, Código JWIQGQ"
time="2025-03-18T18:50:56-03:00" level=info msg="Logger inicializado con salida múltiple"
time="2025-03-18T18:50:56-03:00" level=info msg="Iniciando servidor."
time="2025-03-18T18:50:56-03:00" level=info msg="Iniciando conexión a la base de datos."
time="2025-03-18T18:50:56-03:00" level=info msg="Intentando conectar a la base de datos (Intento 1/5)..."
time="2025-03-18T18:50:56-03:00" level=info msg="Conexión a la base de datos establecida correctamente."
time="2025-03-18T18:50:56-03:00" level=info msg="Servidor iniciado en el puerto 8080."
time="2025-03-18T18:51:17-03:00" level=info msg="Logger inicializado con salida múltiple"
time="2025-03-18T18:51:17-03:00" level=info msg="Iniciando servidor."
time="2025-03-18T18:51:17-03:00" level=info msg="Iniciando conexión a la base de datos."
time="2025-03-18T18:51:17-03:00" level=info msg="Intentando conectar a la base de datos (Intento 1/5)..."
time="2025-03-18T18:51:17-03:00" level=info msg="Conexión a la base de datos establecida correctamente."
time="2025-03-18T18:51:17-03:00" level=info msg="Servidor iniciado en el puerto 8080."
time="2025-03-18T18:51:30-03:00" level=info msg="Usuario 6 salió de la sesión JWIQGQ"
time="2025-03-18T18:53:07-03:00" level=info msg="Sesión creada exitosamente: ID 3, Código X4K2ZI"
time="2025-03-18T18:53:18-03:00" level=info msg="Usuario 7 salió de la sesión X4K2ZI"
time="2025-03-18T18:53:40-03:00" level=info msg="Logger inicializado con salida múltiple"
time="2025-03-18T18:53:40-03:00" level=info msg="Iniciando servidor."
time="2025-03-18T18:53:40-03:00" level=info msg="Iniciando conexión a la base de datos."
time="2025-03-18T18:53:40-03:00" level=info msg="Intentando conectar a la base de datos (Intento 1/5)..."
time="2025-03-18T18:53:40-03:00" level=info msg="Conexión a la base de datos establecida correctamente."
time="2025-03-18T18:53:40-03:00" level=info msg="Servidor iniciado en el puerto 8080."
time="2025-03-18T18:53:44-03:00" level=info msg="Sesión creada exitosamente: ID 4, Código R4J3NJ"
time="2025-03-18T18:53:54-03:00" level=info msg="Validando salida - UserID: 8, Anfitrión: 0, Sesión: R4J3NJ"
time="2025-03-18T18:53:54-03:00" level=info msg="Usuario 8 salió de la sesión R4J3NJ"
time="2025-03-18T18:56:26-03:00" level=info msg="Sesión creada exitosamente: ID 5, Código JYTS2W"
time="2025-03-18T19:02:18-03:00" level=info msg="Logger inicializado con salida múltiple"
time="2025-03-18T19:02:18-03:00" level=info msg="Iniciando servidor."
time="2025-03-18T19:02:18-03:00" level=info msg="Iniciando conexión a la base de datos."
time="2025-03-18T19:02:18-03:00" level=info msg="Intentando conectar a la base de datos (Intento 1/5)..."
time="2025-03-18T19:02:18-03:00" level=info msg="Conexión a la base de datos establecida correctamente."
time="2025-03-18T19:02:18-03:00" level=info msg="Servidor iniciado en el puerto 8080."
time="2025-03-18T19:02:57-03:00" level=info msg="Logger inicializado con salida múltiple"
time="2025-03-18T19:02:57-03:00" level=info msg="Iniciando servidor."
time="2025-03-18T19:02:57-03:00" level=info msg="Iniciando conexión a la base de datos."
time="2025-03-18T19:02:57-03:00" level=info msg="Intentando conectar a la base de datos (Intento 1/5)..."
time="2025-03-18T19:02:57-03:00" level=info msg="Conexión a la base de datos establecida correctamente."
time="2025-03-18T19:02:57-03:00" level=info msg="Servidor iniciado en el puerto 8080."
time="2025-03-18T19:03:03-03:00" level=info msg="Sesión creada exitosamente: ID 6, Código CNQQ7I, Anfitrión 10"
time="2025-03-18T19:03:38-03:00" level=info msg="Validando salida - UserID: 10, Anfitrión: 10, Sesión: CNQQ7I"
time="2025-03-18T19:03:38-03:00" level=warning msg="Intento de salida del anfitrión (ID: 10) en sesión CNQQ7I"
time="2025-03-18T19:03:53-03:00" level=info msg="Usuario Valentino agregado a la sesión CNQQ7I con ID 11"
time="2025-03-18T19:07:56-03:00" level=info msg="Logger inicializado con salida múltiple"
time="2025-03-18T19:07:56-03:00" level=info msg="Iniciando servidor."
time="2025-03-18T19:07:56-03:00" level=info msg="Iniciando conexión a la base de datos."
time="2025-03-18T19:07:56-03:00" level=info msg="Intentando conectar a la base de datos (Intento 1/5)..."
time="2025-03-18T19:07:56-03:00" level=info msg="Conexión a la base de datos establecida correctamente."
time="2025-03-18T19:07:56-03:00" level=info msg="Servidor iniciado en el puerto 8080."
time="2025-03-18T19:08:02-03:00" level=info msg="Sesión creada exitosamente: ID 7, Código P826TJ, Anfitrión 12"
time="2025-03-18T19:09:19-03:00" level=info msg="Sesión creada exitosamente: ID 8, Código I1QZ99, Anfitrión 13"
time="2025-03-18T19:10:08-03:00" level=info msg="Sesión creada exitosamente: ID 9, Código 0H4D3Z, Anfitrión 14"
time="2025-03-18T19:10:38-03:00" level=error msg="Error al crear sesión: El nombre del usuario creador es obligatorio"
time="2025-03-18T19:12:48-03:00" level=error msg="Error al crear sesión: El nombre del usuario creador es obligatorio"
time="2025-03-18T19:17:08-03:00" level=error msg="Error al crear sesión: El nombre del usuario creador es obligatorio"
time="2025-03-18T19:17:13-03:00" level=info msg="Logger inicializado con salida múltiple"
time="2025-03-18T19:17:13-03:00" level=info msg="Iniciando servidor."
time="2025-03-18T19:17:13-03:00" level=info msg="Iniciando conexión a la base de datos."
time="2025-03-18T19:17:13-03:00" level=info msg="Intentando conectar a la base de datos (Intento 1/5)..."
time="2025-03-18T19:17:13-03:00" level=info msg="Conexión a la base de datos establecida correctamente."
time="2025-03-18T19:17:13-03:00" level=info msg="Servidor iniciado en el puerto 8080."
time="2025-03-18T19:17:15-03:00" level=info msg="Sesión creada exitosamente: ID 10, Código PFRXSB, Anfitrión 15"
time="2025-03-18T19:17:42-03:00" level=info msg="Logger inicializado con salida múltiple"
time="2025-03-18T19:17:42-03:00" level=info msg="Iniciando servidor."
time="2025-03-18T19:17:42-03:00" level=info msg="Iniciando conexión a la base de datos."
time="2025-03-18T19:17:42-03:00" level=info msg="Intentando conectar a la base de datos (Intento 1/5)..."
time="2025-03-18T19:17:42-03:00" level=info msg="Conexión a la base de datos establecida correctamente."
time="2025-03-18T19:17:42-03:00" level=info msg="Servidor iniciado en el puerto 8080."
time="2025-03-18T19:20:29-03:00" level=info msg="Sesión creada exitosamente: ID 11, Código FA8REB, Anfitrión 16"
time="2025-03-18T19:20:32-03:00" level=info msg="Logger inicializado con salida múltiple"
time="2025-03-18T19:20:32-03:00" level=info msg="Iniciando servidor."
time="2025-03-18T19:20:32-03:00" level=info msg="Iniciando conexión a la base de datos."
time="2025-03-18T19:20:32-03:00" level=info msg="Intentando conectar a la base de datos (Intento 1/5)..."
time="2025-03-18T19:20:32-03:00" level=info msg="Conexión a la base de datos establecida correctamente."
time="2025-03-18T19:20:32-03:00" level=info msg="Servidor iniciado en el puerto 8080."
time="2025-03-18T19:20:34-03:00" level=warning msg="Intento de crear sesión con max_participants inválido: -1"
time="2025-03-18T19:20:34-03:00" level=error msg="Error al crear sesión: El número máximo de participantes debe ser mayor a 0"
time="2025-03-18T19:20:39-03:00" level=warning msg="Intento de crear sesión con max_participants inválido: 0"
time="2025-03-18T19:20:39-03:00" level=error msg="Error al crear sesión: El número máximo de participantes debe ser mayor a 0"
time="2025-03-18T19:20:40-03:00" level=warning msg="Intento de crear sesión con max_participants inválido: 0"
time="2025-03-18T19:20:40-03:00" level=error msg="Error al crear sesión: El número máximo de participantes debe ser mayor a 0"
time="2025-03-18T19:21:03-03:00" level=info msg="Logger inicializado con salida múltiple"
time="2025-03-18T19:21:03-03:00" level=info msg="Iniciando servidor."
time="2025-03-18T19:21:03-03:00" level=info msg="Iniciando conexión a la base de datos."
time="2025-03-18T19:21:03-03:00" level=info msg="Intentando conectar a la base de datos (Intento 1/5)..."
time="2025-03-18T19:21:03-03:00" level=info msg="Conexión a la base de datos establecida correctamente."
time="2025-03-18T19:21:03-03:00" level=info msg="Servidor iniciado en el puerto 8080."
time="2025-03-18T19:21:07-03:00" level=warning msg="Intento de crear sesión con max_participants inválido: 0"
time="2025-03-18T19:21:07-03:00" level=error msg="Error al crear sesión: El número máximo de participantes debe ser mayor a 1"
time="2025-03-18T19:21:10-03:00" level=info msg="Sesión creada exitosamente: ID 12, Código R8Y11P, Anfitrión 17"
time="2025-03-18T19:21:56-03:00" level=info msg="Logger inicializado con salida múltiple"
time="2025-03-18T19:21:56-03:00" level=info msg="Iniciando servidor."
time="2025-03-18T19:21:56-03:00" level=info msg="Iniciando conexión a la base de datos."
time="2025-03-18T19:21:56-03:00" level=info msg="Intentando conectar a la base de datos (Intento 1/5)..."
time="2025-03-18T19:21:56-03:00" level=info msg="Conexión a la base de datos establecida correctamente."
time="2025-03-18T19:21:56-03:00" level=info msg="Servidor iniciado en el puerto 8080."
time="2025-03-18T19:21:58-03:00" level=warning msg="Intento de crear sesión con max_participants inválido: 1"
time="2025-03-18T19:21:58-03:00" level=error msg="Error al crear sesión: El número máximo de participantes debe ser mayor a 1"
time="2025-03-18T19:22:01-03:00" level=info msg="Sesión creada exitosamente: ID 13, Código EXHR7U, Anfitrión 18"
